============================= test session starts ==============================
platform darwin -- Python 3.11.3, pytest-9.1.1, pluggy-1.6.0
rootdir: /Users/chun/Documents/minimart-qe-tests
configfile: pytest.ini
testpaths: tests
plugins: metadata-3.1.1, html-4.2.0, base-url-2.1.0, playwright-0.8.0
collected 178 items

tests/api/test_checkout_preview.py ......                                [  3%]
tests/api/test_coupon_boundaries.py x.s..                                [  6%]
tests/api/test_order_transitions.py x.FF..                               [  9%]
tests/api/test_orders_list.py F                                          [ 10%]
tests/api/test_shipping_tiers.py .........                               [ 15%]
tests/api/test_ui_api_cross.py ..                                        [ 16%]
tests/test_auth.py ...                                                   [ 17%]
tests/test_cart.py ...                                                   [ 19%]
tests/test_cart_badge.py F                                               [ 20%]
tests/test_cart_extras.py ....                                           [ 22%]
tests/test_checkout.py .F                                                [ 23%]
tests/test_checkout_extras.py .....F.                                    [ 27%]
tests/test_checkout_validation.py ...F.                                  [ 30%]
tests/test_coupon_discount.py F                                          [ 30%]
tests/test_coupon_lifecycle.py F.Fss..                                   [ 34%]
tests/test_coupon_threshold.py F                                         [ 35%]
tests/test_coupon_ui.py FsF.                                             [ 37%]
tests/test_logout_cart.py ..                                             [ 38%]
tests/test_my_coupons.py .F.FF.                                          [ 42%]
tests/test_nav.py F                                                      [ 42%]
tests/test_nav_extras.py .FF.                                            [ 44%]
tests/test_notifications.py FF....                                       [ 48%]
tests/test_order_detail.py .F.                                           [ 50%]
tests/test_order_note.py ......                                          [ 53%]
tests/test_order_status.py F..F.                                         [ 56%]
tests/test_orders_count.py .                                             [ 56%]
tests/test_orders_list.py .FF...                                         [ 60%]
tests/test_phone_validation.py ..                                        [ 61%]
tests/test_prd_strengthen.py ....F.......FF..s.                          [ 71%]
tests/test_pricing_summary.py ...F.s                                     [ 74%]
tests/test_product_ui.py F......                                         [ 78%]
tests/test_r18_error_messages.py FF                                      [ 79%]
tests/test_return_extras.py F...FFF...                                   [ 85%]
tests/test_return_flow.py ...                                            [ 87%]
tests/test_stock_boundaries.py .....s                                    [ 90%]
tests/test_stock_effects.py FFF                                          [ 92%]
tests/test_validation_extras.py ssF....                                  [ 96%]
tests/api/test_validation_and_stock.py ...x...                           [100%]

=================================== FAILURES ===================================
______________________________ test_取消訂單_合法與非法狀態 _______________________________

authed_api = <tests.api.helpers.client.MiniMartApiClient object at 0x12190aa50>

    def test_取消訂單_合法與非法狀態(authed_api: MiniMartApiClient) -> None:
        """R-6.5：待出貨可取消；已出貨後不可取消。"""
        order_id = authed_api.place_order_for_product("純棉素色 T 恤", recipient_name="取消狀態 API")
        cancel = authed_api.cancel_order(order_id)
>       assert cancel.status != 404, (
            "POST /api/orders/{id}/cancel 未實作（R-6.5／openapi；見 D-23）"
        )
E       AssertionError: POST /api/orders/{id}/cancel 未實作（R-6.5／openapi；見 D-23）
E       assert 404 != 404
E        +  where 404 = <APIResponse url='https://cand2.tail296b14.ts.net/api/orders/MM-20260724-0003/cancel' status=404 status_text='Not Found'>.status

tests/api/test_order_transitions.py:45: AssertionError
______________________________ test_已取消為最終狀態不可再轉換 ______________________________

authed_api = <tests.api.helpers.client.MiniMartApiClient object at 0x121909910>

    def test_已取消為最終狀態不可再轉換(authed_api: MiniMartApiClient) -> None:
        """R-6.7：已取消後 ship／confirm-receipt 皆應拒絕。"""
        order_id = authed_api.place_order_for_product("純棉素色 T 恤", recipient_name="取消終態 API")
        cancel = authed_api.cancel_order(order_id)
>       assert cancel.status != 404, (
            "POST /api/orders/{id}/cancel 未實作（R-6.5／openapi；見 D-23）"
        )
E       AssertionError: POST /api/orders/{id}/cancel 未實作（R-6.5／openapi；見 D-23）
E       assert 404 != 404
E        +  where 404 = <APIResponse url='https://cand2.tail296b14.ts.net/api/orders/MM-20260724-0004/cancel' status=404 status_text='Not Found'>.status

tests/api/test_order_transitions.py:62: AssertionError
____________________________ test_訂單列表_API_依下單時間新到舊 ____________________________

authed_api = <tests.api.helpers.client.MiniMartApiClient object at 0x1219c4090>

    def test_訂單列表_API_依下單時間新到舊(authed_api: MiniMartApiClient) -> None:
        """R-14.1／openapi getOrders：全部訂單依下單時間由新到舊。"""
        orders = authed_api.get_orders()
        assert orders, "此帳號應至少有一筆訂單以驗證 API 排序"
>       assert_orders_sorted_new_to_old([order["createdAt"] for order in orders])

tests/api/test_orders_list.py:13: 
_ _ _ _ _ _ _ _ _ _ _ _ _ _ _ _ _ _ _ _ _ _ _ _ _ _ _ _ _ _ _ _ _ _ _ _ _ _ _ _ 

created_at_texts = ['2026-07-16 10:15', '2026-07-17 09:40', '2026-07-18 20:05', '2026-07-24 14:25', '2026-07-24 14:25', '2026-07-24 14:25', ...]

    def assert_orders_sorted_new_to_old(created_at_texts: list[str]) -> None:
        """R-14.1：下單時間應由新到舊（非遞增）。"""
        times = [parse_order_created_at(t) for t in created_at_texts]
        for i in range(len(times) - 1):
>           assert times[i] >= times[i + 1], (
                   ^^^^^^^^^^^^^^^^^^^^^^^^
                f"R-14.1：第 {i + 1} 列 {created_at_texts[i]} 應不早於第 {i + 2} 列 {created_at_texts[i + 1]}"
            )
E           AssertionError: R-14.1：第 1 列 2026-07-16 10:15 應不早於第 2 列 2026-07-17 09:40

tests/helpers/orders.py:46: AssertionError
_______________________ test_商品列表加入後徽章即時更新為_1[chromium] ________________________

page = <Page url='https://cand2.tail296b14.ts.net/'>

    def test_商品列表加入後徽章即時更新為_1(page: Page) -> None:
        add_product_from_list(page, "純棉素色 T 恤")
        # 不離開商品列表，直接斷言徽章（對應 AI 報告 D-03）
>       expect(cart_badge(page)).to_have_text("1", timeout=5_000)
E       AssertionError: Locator expected to have text '1'
E       Actual value: None
E       Error: element(s) not found 
E       Call log:
E         - Expect "to_have_text" with timeout 5000ms
E         - waiting for get_by_test_id("cart-badge")
E       
E       Aria snapshot:
E       - banner:
E         - link "MiniMart":
E           - /url: /
E         - navigation:
E           - link "商品":
E             - /url: /
E           - link "購物車":
E             - /url: /cart
E           - link "我的訂單":
E             - /url: /orders
E           - link "我的優惠卷":
E             - /url: /coupons
E           - link "通知中心 19":
E             - /url: /notifications
E           - text: demo@minimart.test
E           - button "登出"
E       - main:
E         - heading "商品" [level=1]
E         - link "手沖咖啡濾杯 手沖咖啡濾杯":
E           - /url: /products/1
E           - img "手沖咖啡濾杯"
E           - paragraph: 手沖咖啡濾杯
E         - paragraph: 廚房
E         - paragraph: NT$480
E         - paragraph: 剩餘 12 件
E         - button "加入購物車"
E         - link "不鏽鋼保溫瓶 不鏽鋼保溫瓶":
E           - /url: /products/2
E           - img "不鏽鋼保溫瓶"
E           - paragraph: 不鏽鋼保溫瓶
E         - paragraph: 廚房
E         - paragraph: NT$690
E         - paragraph: 剩餘 8 件
E         - button "加入購物車"
E         - link "極簡皮革錢包 極簡皮革錢包":
E           - /url: /products/3
E           - img "極簡皮革錢包"
E           - paragraph: 極簡皮革錢包
E         - paragraph: 配件
E         - paragraph: NT$1,280
E         - paragraph: 剩餘 5 件
E         - button "加入購物車"
E         - link "無線藍牙耳機 無線藍牙耳機":
E           - /url: /products/4
E           - img "無線藍牙耳機"
E           - paragraph: 無線藍牙耳機
E         - paragraph: 3C
E         - paragraph: NT$2,150
E         - paragraph: 剩餘 3 件
E         - button "加入購物車"
E         - link "純棉素色 T 恤 純棉素色 T 恤":
E           - /url: /products/5
E           - img "純棉素色 T 恤"
E           - paragraph: 純棉素色 T 恤
E         - paragraph: 服飾
E         - paragraph: NT$400
E         - paragraph: 剩餘 20 件
E         - button "加入購物車"
E         - link "陶瓷馬克杯 陶瓷馬克杯":
E           - /url: /products/6
E           - img "陶瓷馬克杯"
E           - paragraph: 陶瓷馬克杯
E         - paragraph: 廚房
E         - paragraph: NT$260
E         - paragraph: 已售完
E         - button "加入購物車" [disabled]
E         - link "折疊露營椅 折疊露營椅":
E           - /url: /products/7
E           - img "折疊露營椅"
E           - paragraph: 折疊露營椅
E         - paragraph: 戶外
E         - paragraph: NT$1,020
E         - paragraph: 剩餘 1 件
E         - button "加入購物車"
E         - link "香氛蠟燭禮盒 香氛蠟燭禮盒":
E           - /url: /products/8
E           - img "香氛蠟燭禮盒"
E           - paragraph: 香氛蠟燭禮盒
E         - paragraph: 居家
E         - paragraph: NT$860
E         - paragraph: 剩餘 6 件
E         - button "加入購物車"
E         - link "機械式鍵盤 機械式鍵盤":
E           - /url: /products/9
E           - img "機械式鍵盤"
E           - paragraph: 機械式鍵盤
E         - paragraph: 3C
E         - paragraph: NT$3,180
E         - paragraph: 剩餘 4 件
E         - button "加入購物車"
E         - text: MiniMart 保證所有商品皆為正品

../Find Job/測驗題目/2026/晶芯智科/candidate 2/minimart-qe-tests/tests/test_cart_badge.py:21: AssertionError
_________________________ test_結帳頁區塊順序與付款方式[chromium] __________________________

page = <Page url='https://cand2.tail296b14.ts.net/checkout'>

    def test_結帳頁區塊順序與付款方式(page: Page) -> None:
        """R-12.1／R-12.7：收件→優惠券→金額摘要→付款方式；付款固定為貨到付款。"""
        add_product_from_list(page, "純棉素色 T 恤")
        go_to_checkout(page)
    
        layout = page.locator(".checkout-page, main").first.inner_text()
        markers = {
            "收件資訊": layout.find("收件資訊"),
            "優惠券": layout.find("優惠券"),
            "商品小計": layout.find("商品小計"),
            "付款方式": layout.find("付款方式"),
        }
        missing = [name for name, idx in markers.items() if idx == -1]
        assert not missing, f"結帳頁缺少區塊：{missing}"
    
        recipient, coupon, subtotal, payment = (
            markers["收件資訊"],
            markers["優惠券"],
            markers["商品小計"],
            markers["付款方式"],
        )
>       assert recipient < coupon < subtotal < payment, (
            "R-12.1 區塊順序應為收件資訊→優惠券→金額摘要→付款方式，"
            f"索引 {markers}"
        )
E       AssertionError: R-12.1 區塊順序應為收件資訊→優惠券→金額摘要→付款方式，索引 {'收件資訊': 3, '優惠券': 46, '商品小計': 346, '付款方式': 334}
E       assert 346 < 334

tests/test_checkout.py:62: AssertionError
______________________ test_送出訂單時按鈕顯示處理中並防重複下單[chromium] _______________________

page = <Page url='https://cand2.tail296b14.ts.net/orders'>

    def test_送出訂單時按鈕顯示處理中並防重複下單(page: Page) -> None:
        """R-12.8：點擊後顯示「處理中…」或停用，且同一次操作只建立一張訂單。"""
        login(page)
        before = _order_list_count(page)
    
        clear_cart(page)
        add_product_from_list(page, "純棉素色 T 恤")
        go_to_checkout(page)
        page.fill("#checkout-name", "防重複測試")
        page.fill("#checkout-phone", "0912345678")
        page.fill("#checkout-address", "台北市防重複路 12 號")
    
        saw_processing = {"v": False}
    
        def slow_checkout(route):
            page.wait_for_timeout(1_200)
            route.fallback()
    
        page.route("**/api/checkout", slow_checkout)
        page.get_by_role("button", name="送出訂單").click()
        try:
            expect(page.get_by_role("button", name=re.compile(r"處理中"))).to_be_visible(timeout=3_000)
            saw_processing["v"] = True
        except Exception:
            try:
                expect(page.get_by_role("button", name=re.compile(r"送出|處理中"))).to_be_disabled(
                    timeout=1_500
                )
                saw_processing["v"] = True
            except Exception:
                pass
    
        page.wait_for_url(re.compile(r".*/orders/.+/complete"), timeout=60_000)
        page.unroute("**/api/checkout")
        match = re.search(r"/orders/(MM-[^/]+)/complete", page.url)
        assert match, f"完成頁應含訂單編號：{page.url}"
    
        after = _order_list_count(page)
        assert after == before + 1, f"單次送出應只新增 1 筆：{before} → {after}"
>       assert saw_processing["v"], "送出後應顯示「處理中…」或按鈕停用（R-12.8／D-16）"
E       AssertionError: 送出後應顯示「處理中…」或按鈕停用（R-12.8／D-16）
E       assert False

tests/test_checkout_extras.py:153: AssertionError
__________________________ test_地址過長不可啟用送出[chromium] ___________________________

page = <Page url='https://cand2.tail296b14.ts.net/checkout'>

    def test_地址過長不可啟用送出(page: Page) -> None:
        """R-18.5：地址去除空白後字數 > 100 時應停用送出。"""
        _prepare_checkout(page)
        page.fill("#checkout-name", "驗證買家")
        page.fill("#checkout-phone", "0912345678")
        long_address = "字" * 101
        page.fill("#checkout-address", long_address)
        expect(page.get_by_role("button", name="送出訂單")).to_be_disabled()
        page.locator("#checkout-address").blur()
>       expect(page.locator("main")).to_contain_text("收件地址須為 5 至 100 個字")
E       AssertionError: Locator expected to contain text '收件地址須為 5 至 100 個字'
E       Actual value: 結帳收件資訊收件人姓名手機號碼收件地址訂單備註訂單備註（選填）0/100優惠券不使用優惠券新人小禮券（NT$20，門檻 NT$0，效期 2027-01-19）滿千折百券（NT$100，門檻 NT$1,000，效期 2027-01-19）未達使用門檻 NT$1,000滿三千折三百券（NT$300，門檻 NT$3,000，效期 2027-01-19）未達使用門檻 NT$3,000全站 85 折券（15%，門檻 NT$800，效期 2027-01-19）未達使用門檻 NT$800免運券（免運，門檻 NT$0，效期 2027-01-19）舊版折五十券（NT$50，門檻 NT$0，效期 2026-06-23）已過期付款方式貨到付款商品小計NT$400滿額折扣NT$0優惠券折抵NT$0運費NT$80應付金額NT$480送出訂單 
E       Call log:
E         - Expect "to_contain_text" with timeout 5000ms
E         - waiting for locator("main")
E           14 × locator resolved to <main>…</main>
E              - unexpected value "結帳收件資訊收件人姓名手機號碼收件地址訂單備註訂單備註（選填）0/100優惠券不使用優惠券新人小禮券（NT$20，門檻 NT$0，效期 2027-01-19）滿千折百券（NT$100，門檻 NT$1,000，效期 2027-01-19）未達使用門檻 NT$1,000滿三千折三百券（NT$300，門檻 NT$3,000，效期 2027-01-19）未達使用門檻 NT$3,000全站 85 折券（15%，門檻 NT$800，效期 2027-01-19）未達使用門檻 NT$800免運券（免運，門檻 NT$0，效期 2027-01-19）舊版折五十券（NT$50，門檻 NT$0，效期 2026-06-23）已過期付款方式貨到付款商品小計NT$400滿額折扣NT$0優惠券折抵NT$0運費NT$80應付金額NT$480送出訂單"
E       
E       Aria snapshot:
E       - main:
E         - heading "結帳" [level=1]
E         - heading "收件資訊" [level=2]
E         - text: 收件人姓名
E         - textbox "收件人姓名": 驗證買家
E         - text: 手機號碼
E         - textbox "手機號碼": "0912345678"
E         - text: 收件地址
E         - textbox "收件地址": 字字字字字字字字字字字字字字字字字字字字字字字字字字字字字字字字字字字字字字字字字字字字字字字字字字字字字字字字字字字字字字字字字字字字字字字字字字字字字字字字字字字字字字字字字字字字字字字字字字字字字
E         - heading "訂單備註" [level=2]
E         - text: 訂單備註（選填）
E         - textbox "訂單備註（選填）"
E         - paragraph: 0/100
E         - heading "優惠券" [level=2]
E         - radio "不使用優惠券" [checked]
E         - text: 不使用優惠券
E         - radio "新人小禮券 （NT$20，門檻 NT$0，效期 2027-01-19）"
E         - text: 新人小禮券 （NT$20，門檻 NT$0，效期 2027-01-19） 滿千折百券 （NT$100，門檻 NT$1,000，效期 2027-01-19） 未達使用門檻 NT$1,000 滿三千折三百券 （NT$300，門檻 NT$3,000，效期 2027-01-19） 未達使用門檻 NT$3,000 全站 85 折券 （15%，門檻 NT$800，效期 2027-01-19） 未達使用門檻 NT$800
E         - radio "免運券 （免運，門檻 NT$0，效期 2027-01-19）"
E         - text: 免運券 （免運，門檻 NT$0，效期 2027-01-19） 舊版折五十券 （NT$50，門檻 NT$0，效期 2026-06-23） 已過期
E         - heading "付款方式" [level=2]
E         - paragraph: 貨到付款
E         - text: 商品小計 NT$400 滿額折扣 NT$0 優惠券折抵 NT$0 運費 NT$80 應付金額 NT$480
E         - button "送出訂單" [disabled]

tests/test_checkout_validation.py:60: AssertionError
_____________________ test_PCT15_對機械式鍵盤的折抵應為_477[chromium] _____________________

page = <Page url='https://cand2.tail296b14.ts.net/checkout'>

    def test_PCT15_對機械式鍵盤的折抵應為_477(page: Page) -> None:
        """機械式鍵盤 NT$3,180；PCT15 預期折抵 3180*15%=477。"""
        login(page)
        clear_cart(page)
        add_product_from_list(page, "機械式鍵盤")
    
        page.goto("/cart", wait_until="domcontentloaded")
        page.get_by_role("button", name="前往結帳").click()
        page.wait_for_url(re.compile(r".*/checkout"))
    
        coupon = page.get_by_text(re.compile(r"PCT15|15%|85\s*折")).first
        coupon.click()
    
        sidebar = page.locator(".checkout-sidebar")
        expect(sidebar.get_by_text("優惠券折抵")).to_be_visible()
>       expect(sidebar).to_contain_text(re.compile(r"NT\$\s*477"))
E       AssertionError: Locator expected to contain text 're.compile('NT\\$\\s*477')'
E       Actual value: 商品小計NT$3,180滿額折扣−NT$453優惠券折抵−NT$159運費NT$0應付金額NT$2,568送出訂單 
E       Call log:
E         - Expect "to_contain_text" with timeout 5000ms
E         - waiting for locator(".checkout-sidebar")
E           3 × locator resolved to <div class="checkout-sidebar">…</div>
E             - unexpected value "商品小計NT$3,180滿額折扣NT$0優惠券折抵−NT$159運費NT$0應付金額NT$3,021送出訂單"
E           11 × locator resolved to <div class="checkout-sidebar">…</div>
E              - unexpected value "商品小計NT$3,180滿額折扣−NT$453優惠券折抵−NT$159運費NT$0應付金額NT$2,568送出訂單"
E       
E       Aria snapshot:
E       - text: 商品小計 NT$3,180 滿額折扣 −NT$453 優惠券折抵 −NT$159 運費 NT$0 應付金額 NT$2,568
E       - button "送出訂單" [disabled]

../Find Job/測驗題目/2026/晶芯智科/candidate 2/minimart-qe-tests/tests/test_coupon_discount.py:28: AssertionError
____________________ test_下單後使用的優惠券變為已使用並記錄完整訂單編號[chromium] ____________________

page = <Page url='https://cand2.tail296b14.ts.net/coupons'>

    def test_下單後使用的優惠券變為已使用並記錄完整訂單編號(page: Page) -> None:
        """R-4.12／R-17.7：任選可用券下單後，進「已使用」且顯示完整 MM- 訂單編號（D-18）。"""
        login(page)
        clear_cart(page)
        add_product_from_list(page, "純棉素色 T 恤")
        go_to_checkout(page)
        coupon_name = _select_any_usable_coupon(page)
        if coupon_name == "免運券":
            expect(summary_row_value(page, "運費")).to_have_text("NT$0", timeout=10_000)
        elif coupon_name == "新人小禮券":
            expect(summary_row_value(page, "應付金額")).to_have_text("NT$460", timeout=10_000)
    
        order_id = fill_and_submit_checkout(page, name="用券狀態測試")
        serial = order_id.removeprefix("MM-")
    
        page.goto("/coupons", wait_until="domcontentloaded")
        page.get_by_role("button", name=re.compile(r"^已使用")).click()
        page.wait_for_timeout(600)
        used_text = page.locator("main").inner_text()
    
        if coupon_name not in used_text and serial not in used_text:
            page.get_by_role("button", name=re.compile(r"^可使用")).click()
            avail = page.locator("main").inner_text()
            if coupon_name in avail:
                raise AssertionError(
                    f"用券下單後「{coupon_name}」仍在可使用、未進入已使用（R-4.12）"
                )
            raise AssertionError(f"已使用頁籤找不到「{coupon_name}」或訂單 {order_id}")
    
>       assert order_id in used_text, (
            f"已使用券訂單編號缺少 MM- 前綴（D-18／R-17.7）：預期 {order_id}，"
            f"頁面可見片段含 {serial!r}"
        )
E       AssertionError: 已使用券訂單編號缺少 MM- 前綴（D-18／R-17.7）：預期 MM-20260724-0012，頁面可見片段含 '20260724-0012'
E       assert 'MM-20260724-0012' in '我的優惠券\n可使用 (4)\n已使用 (1)\n已過期 (1)\n新人小禮券\n已使用\n券碼 NEWBIE20\nNT$20\n無最低消費\n到期日 2027-01-19\n訂單編號 20260724-0012'

tests/test_coupon_lifecycle.py:104: AssertionError
________________________ test_已使用頁籤訂單編號應含MM前綴[chromium] ________________________

page = <Page url='https://cand2.tail296b14.ts.net/coupons'>

    def test_已使用頁籤訂單編號應含MM前綴(page: Page) -> None:
        """R-17.7／R-6.9：已使用券上的訂單編號須為完整 MM- 格式（D-18）。"""
        login(page)
        page.goto("/coupons", wait_until="domcontentloaded")
        page.get_by_role("button", name=re.compile(r"^已使用")).click()
        page.wait_for_timeout(500)
        text = page.locator("main").inner_text()
        refs = re.findall(r"訂單編號\s+(\S+)", text)
        if not refs:
            pytest.skip("尚無已使用券可驗證編號格式")
        bad = [r for r in refs if not r.startswith("MM-")]
>       assert not bad, f"已使用券訂單編號缺少 MM- 前綴（D-18）：{bad}"
E       AssertionError: 已使用券訂單編號缺少 MM- 前綴（D-18）：['20260724-0012', '20260724-0013']
E       assert not ['20260724-0012', '20260724-0013']

tests/test_coupon_lifecycle.py:153: AssertionError
______________________ test_小計恰等於門檻時_PCT15_應可使用[chromium] ______________________

page = <Page url='https://cand2.tail296b14.ts.net/checkout'>

    def test_小計恰等於門檻時_PCT15_應可使用(page: Page) -> None:
        """PCT15 門檻 NT$800；純棉素色 T 恤 ×2 若單價 400 則小計恰為 800。"""
        login(page)
        clear_cart(page)
    
        add_product_from_list(page, "純棉素色 T 恤")
        add_product_from_list(page, "純棉素色 T 恤")
    
        page.goto("/cart", wait_until="domcontentloaded")
        page.get_by_role("button", name="前往結帳").click()
        page.wait_for_url(re.compile(r".*/checkout"))
    
        sidebar = page.locator(".checkout-sidebar")
        expect(sidebar.get_by_text("商品小計")).to_be_visible()
    
        # 券卡片應可點選；若標示「未達使用門檻 NT$800」即為缺陷 D-08
>       expect(page.get_by_text("未達使用門檻 NT$800")).to_have_count(0)
E       AssertionError: Locator expected to have count '0'
E       Actual value: 1 
E       Call log:
E         - Expect "to_have_count" with timeout 5000ms
E         - waiting for get_by_text("未達使用門檻 NT$800")
E           14 × locator resolved to 1 element
E              - unexpected value "1"

../Find Job/測驗題目/2026/晶芯智科/candidate 2/minimart-qe-tests/tests/test_coupon_threshold.py:29: AssertionError
_______________________ test_結帳切換優惠券直接改用後者無確認框[chromium] _______________________

page = <Page url='https://cand2.tail296b14.ts.net/checkout'>

    def test_結帳切換優惠券直接改用後者無確認框(page: Page) -> None:
        """R-4.10：已選一張再選另一張，直接改用新券、無確認對話框。"""
        login(page)
        clear_cart(page)
        add_product_from_list(page, "純棉素色 T 恤")
        go_to_checkout(page)
    
        dialogs: list[str] = []
        page.on("dialog", lambda d: (dialogs.append(d.message), d.dismiss()))
    
        expect(summary_row_value(page, "應付金額")).to_have_text("NT$480")
    
>       page.get_by_role("radio", name=re.compile(r"新人小禮券")).click()

tests/test_coupon_ui.py:42: 
_ _ _ _ _ _ _ _ _ _ _ _ _ _ _ _ _ _ _ _ _ _ _ _ _ _ _ _ _ _ _ _ _ _ _ _ _ _ _ _ 
.venv/lib/python3.11/site-packages/playwright/sync_api/_generated.py:17672: in click
    self._sync(
.venv/lib/python3.11/site-packages/playwright/_impl/_locator.py:163: in click
    return await self._frame._click(self._selector, strict=True, **params)
           ^^^^^^^^^^^^^^^^^^^^^^^^^^^^^^^^^^^^^^^^^^^^^^^^^^^^^^^^^^^^^^^
.venv/lib/python3.11/site-packages/playwright/_impl/_frame.py:591: in _click
    await self._channel.send("click", self._timeout, locals_to_params(locals()))
.venv/lib/python3.11/site-packages/playwright/_impl/_connection.py:69: in send
    return await self._connection.wrap_api_call(
_ _ _ _ _ _ _ _ _ _ _ _ _ _ _ _ _ _ _ _ _ _ _ _ _ _ _ _ _ _ _ _ _ _ _ _ _ _ _ _ 

self = <playwright._impl._connection.Connection object at 0x1214234d0>
cb = <function Channel.send.<locals>.<lambda> at 0x121bda980>
is_internal = False, title = None

    async def wrap_api_call(
        self, cb: Callable[[], Any], is_internal: bool = False, title: str = None
    ) -> Any:
        if self._api_zone.get():
            return await cb()
        task = asyncio.current_task(self._loop)
        st: List[inspect.FrameInfo] = getattr(
            task, "__pw_stack__", None
        ) or inspect.stack(0)
    
        parsed_st = _extract_stack_trace_information_from_stack(st, is_internal, title)
        self._api_zone.set(parsed_st)
        try:
            return await cb()
        except Exception as error:
>           raise rewrite_error(error, f"{parsed_st['apiName']}: {error}") from None
E           playwright._impl._errors.TimeoutError: Locator.click: Timeout 30000ms exceeded.
E           Call log:
E             - waiting for get_by_role("radio", name=re.compile(r"新人小禮券"))

.venv/lib/python3.11/site-packages/playwright/_impl/_connection.py:563: TimeoutError
_______________________ test_選用金額券時優惠券折抵列應顯示折抵[chromium] _______________________

page = <Page url='https://cand2.tail296b14.ts.net/checkout'>

    def test_選用金額券時優惠券折抵列應顯示折抵(page: Page) -> None:
        """R-12.5／R-4.8：選用新人小禮券後，「優惠券折抵」列應顯示折抵金額（非 NT$0）。"""
        login(page)
        clear_cart(page)
        add_product_from_list(page, "純棉素色 T 恤")
        go_to_checkout(page)
>       page.get_by_role("radio", name=re.compile(r"新人小禮券")).click()

tests/test_coupon_ui.py:78: 
_ _ _ _ _ _ _ _ _ _ _ _ _ _ _ _ _ _ _ _ _ _ _ _ _ _ _ _ _ _ _ _ _ _ _ _ _ _ _ _ 
.venv/lib/python3.11/site-packages/playwright/sync_api/_generated.py:17672: in click
    self._sync(
.venv/lib/python3.11/site-packages/playwright/_impl/_locator.py:163: in click
    return await self._frame._click(self._selector, strict=True, **params)
           ^^^^^^^^^^^^^^^^^^^^^^^^^^^^^^^^^^^^^^^^^^^^^^^^^^^^^^^^^^^^^^^
.venv/lib/python3.11/site-packages/playwright/_impl/_frame.py:591: in _click
    await self._channel.send("click", self._timeout, locals_to_params(locals()))
.venv/lib/python3.11/site-packages/playwright/_impl/_connection.py:69: in send
    return await self._connection.wrap_api_call(
_ _ _ _ _ _ _ _ _ _ _ _ _ _ _ _ _ _ _ _ _ _ _ _ _ _ _ _ _ _ _ _ _ _ _ _ _ _ _ _ 

self = <playwright._impl._connection.Connection object at 0x1214234d0>
cb = <function Channel.send.<locals>.<lambda> at 0x1219fff60>
is_internal = False, title = None

    async def wrap_api_call(
        self, cb: Callable[[], Any], is_internal: bool = False, title: str = None
    ) -> Any:
        if self._api_zone.get():
            return await cb()
        task = asyncio.current_task(self._loop)
        st: List[inspect.FrameInfo] = getattr(
            task, "__pw_stack__", None
        ) or inspect.stack(0)
    
        parsed_st = _extract_stack_trace_information_from_stack(st, is_internal, title)
        self._api_zone.set(parsed_st)
        try:
            return await cb()
        except Exception as error:
>           raise rewrite_error(error, f"{parsed_st['apiName']}: {error}") from None
E           playwright._impl._errors.TimeoutError: Locator.click: Timeout 30000ms exceeded.
E           Call log:
E             - waiting for get_by_role("radio", name=re.compile(r"新人小禮券"))

.venv/lib/python3.11/site-packages/playwright/_impl/_connection.py:563: TimeoutError
_________________________ test_門檻為零的券顯示無最低消費[chromium] _________________________

page = <Page url='https://cand2.tail296b14.ts.net/coupons'>

    def test_門檻為零的券顯示無最低消費(page: Page) -> None:
        """R-17.6：門檻 0 顯示「無最低消費」。"""
        login(page)
        _open_coupons(page)
        card = page.get_by_test_id("coupon-card").filter(has_text="新人小禮券")
>       expect(card).to_contain_text("無最低消費")
E       AssertionError: Locator expected to contain text '無最低消費'
E       Actual value: None
E       Error: element(s) not found 
E       Call log:
E         - Expect "to_contain_text" with timeout 5000ms
E         - waiting for get_by_test_id("coupon-card").filter(has_text="新人小禮券")
E       
E       Aria snapshot:
E       - banner:
E         - link "MiniMart":
E           - /url: /
E         - navigation:
E           - link "商品":
E             - /url: /
E           - link "購物車 2":
E             - /url: /cart
E           - link "我的訂單":
E             - /url: /orders
E           - link "我的優惠卷":
E             - /url: /coupons
E           - link "通知中心 25":
E             - /url: /notifications
E           - text: demo@minimart.test
E           - button "登出"
E       - main:
E         - heading "我的優惠券" [level=1]
E         - button "可使用 (3)"
E         - button "已使用 (2)"
E         - button "已過期 (1)"
E         - text: 滿千折百券 未使用 券碼 SAVE100 NT$100 滿 NT$1,000 可用 到期日 2027-01-19 滿三千折三百券 未使用 券碼 SAVE300 NT$300 滿 NT$3,000 可用 到期日 2027-01-19 全站 85 折券 未使用 券碼 PCT15 15% 滿 NT$800 可用 到期日 2027-01-19

tests/test_my_coupons.py:40: AssertionError
___________________ test_優惠券頁提供折扣碼領取且可領取_WELCOME50[chromium] ___________________

page = <Page url='https://cand2.tail296b14.ts.net/coupons'>

    def test_優惠券頁提供折扣碼領取且可領取_WELCOME50(page: Page) -> None:
        """R-17.1／R-17.4：輸入有效折扣碼可領取，提示「已領取〈歡迎折五十券〉」。"""
        login(page)
        _open_coupons(page)
    
        redeem_input = page.get_by_placeholder(re.compile(r"折扣碼|優惠碼|coupon", re.I))
        if redeem_input.count() == 0:
            redeem_input = page.locator("input[name*='code' i], #coupon-code, #redeem-code")
>       expect(redeem_input.first).to_be_visible(timeout=5_000)
E       AssertionError: Locator expected to be visible
E       Actual value: None
E       Error: element(s) not found 
E       Call log:
E         - Expect "to_be_visible" with timeout 5000ms
E         - waiting for locator("input[name*='code' i], #coupon-code, #redeem-code").first
E       
E       Aria snapshot:
E       - banner:
E         - link "MiniMart":
E           - /url: /
E         - navigation:
E           - link "商品":
E             - /url: /
E           - link "購物車 2":
E             - /url: /cart
E           - link "我的訂單":
E             - /url: /orders
E           - link "我的優惠卷":
E             - /url: /coupons
E           - link "通知中心 25":
E             - /url: /notifications
E           - text: demo@minimart.test
E           - button "登出"
E       - main:
E         - heading "我的優惠券" [level=1]
E         - button "可使用 (3)"
E         - button "已使用 (2)"
E         - button "已過期 (1)"
E         - text: 滿千折百券 未使用 券碼 SAVE100 NT$100 滿 NT$1,000 可用 到期日 2027-01-19 滿三千折三百券 未使用 券碼 SAVE300 NT$300 滿 NT$3,000 可用 到期日 2027-01-19 全站 85 折券 未使用 券碼 PCT15 15% 滿 NT$800 可用 到期日 2027-01-19

tests/test_my_coupons.py:59: AssertionError
__________________________ test_無效折扣碼顯示錯誤訊息[chromium] __________________________

page = <Page url='https://cand2.tail296b14.ts.net/login'>

    def test_無效折扣碼顯示錯誤訊息(page: Page) -> None:
        """R-17.2：無效碼顯示「折扣碼不存在或已失效」。"""
>       login(page)

tests/test_my_coupons.py:67: 
_ _ _ _ _ _ _ _ _ _ _ _ _ _ _ _ _ _ _ _ _ _ _ _ _ _ _ _ _ _ _ _ _ _ _ _ _ _ _ _ 
tests/helpers/auth.py:15: in login
    page.goto("/login", wait_until="domcontentloaded")
.venv/lib/python3.11/site-packages/playwright/sync_api/_generated.py:9770: in goto
    self._sync(
.venv/lib/python3.11/site-packages/playwright/_impl/_page.py:560: in goto
    return await self._main_frame.goto(**locals_to_params(locals()))
           ^^^^^^^^^^^^^^^^^^^^^^^^^^^^^^^^^^^^^^^^^^^^^^^^^^^^^^^^^
.venv/lib/python3.11/site-packages/playwright/_impl/_frame.py:156: in goto
    await self._channel.send(
.venv/lib/python3.11/site-packages/playwright/_impl/_connection.py:69: in send
    return await self._connection.wrap_api_call(
_ _ _ _ _ _ _ _ _ _ _ _ _ _ _ _ _ _ _ _ _ _ _ _ _ _ _ _ _ _ _ _ _ _ _ _ _ _ _ _ 

self = <playwright._impl._connection.Connection object at 0x1214234d0>
cb = <function Channel.send.<locals>.<lambda> at 0x121c77920>
is_internal = False, title = None

    async def wrap_api_call(
        self, cb: Callable[[], Any], is_internal: bool = False, title: str = None
    ) -> Any:
        if self._api_zone.get():
            return await cb()
        task = asyncio.current_task(self._loop)
        st: List[inspect.FrameInfo] = getattr(
            task, "__pw_stack__", None
        ) or inspect.stack(0)
    
        parsed_st = _extract_stack_trace_information_from_stack(st, is_internal, title)
        self._api_zone.set(parsed_st)
        try:
            return await cb()
        except Exception as error:
>           raise rewrite_error(error, f"{parsed_st['apiName']}: {error}") from None
E           playwright._impl._errors.TimeoutError: Page.goto: Timeout 30000ms exceeded.
E           Call log:
E             - navigating to "https://cand2.tail296b14.ts.net/login", waiting until "domcontentloaded"

.venv/lib/python3.11/site-packages/playwright/_impl/_connection.py:563: TimeoutError
________________________ test_第五個目的地文字為我的優惠券[chromium] _________________________

page = <Page url='https://cand2.tail296b14.ts.net/'>

    def test_第五個目的地文字為我的優惠券(page: Page) -> None:
        login(page)
>       expect(page.get_by_role("link", name="我的優惠券")).to_be_visible()
E       AssertionError: Locator expected to be visible
E       Actual value: None
E       Error: element(s) not found 
E       Call log:
E         - Expect "to_be_visible" with timeout 5000ms
E         - waiting for get_by_role("link", name="我的優惠券")
E       
E       Aria snapshot:
E       - banner:
E         - link "MiniMart":
E           - /url: /
E         - navigation:
E           - link "商品":
E             - /url: /
E           - link "購物車 2":
E             - /url: /cart
E           - link "我的訂單":
E             - /url: /orders
E           - link "我的優惠卷":
E             - /url: /coupons
E           - link "通知中心 25":
E             - /url: /notifications
E           - text: demo@minimart.test
E           - button "登出"
E       - main:
E         - heading "商品" [level=1]
E         - link "手沖咖啡濾杯 手沖咖啡濾杯":
E           - /url: /products/1
E           - img "手沖咖啡濾杯"
E           - paragraph: 手沖咖啡濾杯
E         - paragraph: 廚房
E         - paragraph: NT$480
E         - paragraph: 剩餘 12 件
E         - button "加入購物車"
E         - link "不鏽鋼保溫瓶 不鏽鋼保溫瓶":
E           - /url: /products/2
E           - img "不鏽鋼保溫瓶"
E           - paragraph: 不鏽鋼保溫瓶
E         - paragraph: 廚房
E         - paragraph: NT$690
E         - paragraph: 剩餘 8 件
E         - button "加入購物車"
E         - link "極簡皮革錢包 極簡皮革錢包":
E           - /url: /products/3
E           - img "極簡皮革錢包"
E           - paragraph: 極簡皮革錢包
E         - paragraph: 配件
E         - paragraph: NT$1,280
E         - paragraph: 剩餘 5 件
E         - button "加入購物車"
E         - link "無線藍牙耳機 無線藍牙耳機":
E           - /url: /products/4
E           - img "無線藍牙耳機"
E           - paragraph: 無線藍牙耳機
E         - paragraph: 3C
E         - paragraph: NT$2,150
E         - paragraph: 剩餘 3 件
E         - button "加入購物車"
E         - link "純棉素色 T 恤 純棉素色 T 恤":
E           - /url: /products/5
E           - img "純棉素色 T 恤"
E           - paragraph: 純棉素色 T 恤
E         - paragraph: 服飾
E         - paragraph: NT$400
E         - paragraph: 剩餘 20 件
E         - button "加入購物車"
E         - link "陶瓷馬克杯 陶瓷馬克杯":
E           - /url: /products/6
E           - img "陶瓷馬克杯"
E           - paragraph: 陶瓷馬克杯
E         - paragraph: 廚房
E         - paragraph: NT$260
E         - paragraph: 已售完
E         - button "加入購物車" [disabled]
E         - link "折疊露營椅 折疊露營椅":
E           - /url: /products/7
E           - img "折疊露營椅"
E           - paragraph: 折疊露營椅
E         - paragraph: 戶外
E         - paragraph: NT$1,020
E         - paragraph: 剩餘 1 件
E         - button "加入購物車"
E         - link "香氛蠟燭禮盒 香氛蠟燭禮盒":
E           - /url: /products/8
E           - img "香氛蠟燭禮盒"
E           - paragraph: 香氛蠟燭禮盒
E         - paragraph: 居家
E         - paragraph: NT$860
E         - paragraph: 剩餘 6 件
E         - button "加入購物車"
E         - link "機械式鍵盤 機械式鍵盤":
E           - /url: /products/9
E           - img "機械式鍵盤"
E           - paragraph: 機械式鍵盤
E         - paragraph: 3C
E         - paragraph: NT$3,180
E         - paragraph: 剩餘 4 件
E         - button "加入購物車"
E         - text: MiniMart 保證所有商品皆為正品

tests/test_nav.py:12: AssertionError
_________________________ test_通知徽章未讀數與通知頁一致[chromium] _________________________

page = <Page url='https://cand2.tail296b14.ts.net/'>

    def test_通知徽章未讀數與通知頁一致(page: Page) -> None:
        """R-1.5：導覽徽章數字須等於通知頁「未讀 N 則」的 N。"""
        login(page)
        clear_cart(page)
        add_product_from_list(page, "純棉素色 T 恤")
        go_to_checkout(page)
        fill_and_submit_checkout(page, name="徽章精確值測試")
    
        unread_n = _unread_count_from_notifications_page(page)
        assert unread_n > 0, "下單後應至少有 1 則未讀通知"
    
        page.goto("/", wait_until="domcontentloaded")
        badge_text = _nav_badge_text(page)
        if "99+" in badge_text:
            assert unread_n > 99, f"徽章為 99+ 時未讀應 >99，實際 {unread_n}"
        else:
            match = re.search(r"(\d+)", badge_text)
>           assert match, f"導覽徽章應顯示未讀數字，實際 {badge_text!r}"
E           AssertionError: 導覽徽章應顯示未讀數字，實際 ''
E           assert None

tests/test_nav_extras.py:86: AssertionError
_______________________ test_未讀超過99則導覽徽章顯示99加[chromium] ________________________

page = <Page url='https://cand2.tail296b14.ts.net/'>

    def test_未讀超過99則導覽徽章顯示99加(page: Page) -> None:
        """R-1.5：未讀 >99 時導覽徽章顯示「99+」。"""
        login(page)
        fake_notifications = [
            {
                "id": i,
                "type": "ORDER_CONFIRMED",
                "orderId": f"MM-20260701-{i:04d}",
                "title": f"測試通知 {i}",
                "body": "測試內文",
                "createdAt": "2026-07-01 10:00",
                "read": False,
            }
            for i in range(1, 101)
        ]
    
        def fulfill_notifications(route) -> None:
            route.fulfill(status=200, json=fake_notifications)
    
        page.route("**/api/notifications", fulfill_notifications)
        page.goto("/", wait_until="domcontentloaded")
        badge_text = _nav_badge_text(page)
>       assert "99+" in badge_text, f"未讀 >99 時徽章應顯示 99+，實際 {badge_text!r}"
E       AssertionError: 未讀 >99 時徽章應顯示 99+，實際 ''
E       assert '99+' in ''

tests/test_nav_extras.py:114: AssertionError
______________________ test_下單確認通知標題與商品明細對應該筆訂單[chromium] ______________________

page = <Page url='https://cand2.tail296b14.ts.net/notifications'>

    def test_下單確認通知標題與商品明細對應該筆訂單(page: Page) -> None:
        """R-8.2：標題含訂單編號；內文商品明細為「{名稱} × {數量}」且對應該筆訂單。"""
        product_name = "手沖咖啡濾杯"
        quantity = 3
        recipient = "通知對帳買家"
    
        login(page)
        clear_cart(page)
        add_product_with_quantity(page, product_name, quantity)
        go_to_checkout(page)
        order_id = fill_and_submit_checkout(
            page,
            name=recipient,
            address="台北市通知測試路 8 號",
        )
    
        _wait_notifications(page)
        row = _notification_row(page, f"訂單 {order_id} 已成立")
        expect(row).to_be_visible(timeout=20_000)
    
        expect(row.locator(".notification-title")).to_have_text(f"訂單 {order_id} 已成立")
    
        body = row.locator("[data-testid^='notification-body']")
        expect(body).to_be_visible()
        body_text = body.inner_text()
    
        line = f"{product_name} × {quantity}"
>       expect(body).to_contain_text(line)
E       AssertionError: Locator expected to contain text '手沖咖啡濾杯 × 3'
E       Actual value: 下單時間 2026-07-01 10:15
E       手沖咖啡濾杯 × 2
E       應付金額 NT$1,020
E       收件人 測試收件人 1 
E       Call log:
E         - Expect "to_contain_text" with timeout 5000ms
E         - waiting for get_by_test_id("notification-row").filter(has_text="訂單 MM-20260724-0017 已成立").first.locator("[data-testid^='notification-body']")
E           14 × locator resolved to <p class="notification-body" data-testid="notification-body-29">下單時間 2026-07-01 10:15↵手沖咖啡濾杯 × 2↵應付金額 NT$1,020↵收件…</p>
E              - unexpected value "下單時間 2026-07-01 10:15
E       手沖咖啡濾杯 × 2
E       應付金額 NT$1,020
E       收件人 測試收件人 1"
E       
E       Aria snapshot:
E       - paragraph: 下單時間 2026-07-01 10:15 手沖咖啡濾杯 × 2 應付金額 NT$1,020 收件人 測試收件人 1

tests/test_notifications.py:60: AssertionError
______________________ test_多品項訂單_通知商品明細行數與內容一致[chromium] ______________________

page = <Page url='https://cand2.tail296b14.ts.net/notifications'>

    def test_多品項訂單_通知商品明細行數與內容一致(page: Page) -> None:
        """R-15.7：商品明細行數等於訂單商品項數；R-8.2：每一行對應該筆訂單。"""
        login(page)
        clear_cart(page)
        add_product_from_list(page, "手沖咖啡濾杯")
        add_product_from_list(page, "手沖咖啡濾杯")
        add_product_from_list(page, "不鏽鋼保溫瓶")
        go_to_checkout(page)
    
        preview = page.request.post("/api/checkout/preview", data={"couponCode": None})
        assert preview.ok, preview.text()
        payable = preview.json()["payable"]
    
        order_id = fill_and_submit_checkout(
            page,
            name="多品項通知買家",
            address="台北市通知測試路 15 號",
        )
    
        _wait_notifications(page)
        row = _notification_row(page, f"訂單 {order_id} 已成立")
        expect(row).to_be_visible(timeout=20_000)
        body = row.locator("[data-testid^='notification-body']")
        body_text = body.inner_text()
    
        expect(body).to_contain_text("手沖咖啡濾杯 × 2")
>       expect(body).to_contain_text("不鏽鋼保溫瓶 × 1")
E       AssertionError: Locator expected to contain text '不鏽鋼保溫瓶 × 1'
E       Actual value: 下單時間 2026-07-01 10:15
E       手沖咖啡濾杯 × 2
E       應付金額 NT$1,020
E       收件人 測試收件人 1 
E       Call log:
E         - Expect "to_contain_text" with timeout 5000ms
E         - waiting for get_by_test_id("notification-row").filter(has_text="訂單 MM-20260724-0018 已成立").first.locator("[data-testid^='notification-body']")
E           14 × locator resolved to <p class="notification-body" data-testid="notification-body-30">下單時間 2026-07-01 10:15↵手沖咖啡濾杯 × 2↵應付金額 NT$1,020↵收件…</p>
E              - unexpected value "下單時間 2026-07-01 10:15
E       手沖咖啡濾杯 × 2
E       應付金額 NT$1,020
E       收件人 測試收件人 1"
E       
E       Aria snapshot:
E       - paragraph: 下單時間 2026-07-01 10:15 手沖咖啡濾杯 × 2 應付金額 NT$1,020 收件人 測試收件人 1

tests/test_notifications.py:93: AssertionError
_______________________ test_已取消狀態顯示取消時間且無任何按鈕[chromium] _______________________

page = <Page url='https://cand2.tail296b14.ts.net/orders/MM-20260724-0024'>

    def test_已取消狀態顯示取消時間且無任何按鈕(page: Page) -> None:
        """R-14.9：已取消顯示取消時間；無任何按鈕。"""
        login(page)
        clear_cart(page)
        add_product_with_quantity(page, "純棉素色 T 恤", 1)
        go_to_checkout(page)
        order_id = fill_and_submit_checkout(
            page,
            name="已取消時間測試買家",
            phone="0912345678",
            address="台北市已取消測試路 88 號",
        )
    
        open_order(page, order_id)
>       cancel_order(page, order_id)

tests/test_order_detail.py:78: 
_ _ _ _ _ _ _ _ _ _ _ _ _ _ _ _ _ _ _ _ _ _ _ _ _ _ _ _ _ _ _ _ _ _ _ _ _ _ _ _ 

page = <Page url='https://cand2.tail296b14.ts.net/orders/MM-20260724-0024'>
order_id = 'MM-20260724-0024'

    def cancel_order(page: Page, order_id: str) -> None:
        """取消待出貨訂單（優先 UI，必要時以 Demo API 補足）。"""
        cancel_btn = page.get_by_role("button", name="取消訂單")
        if cancel_btn.count() and cancel_btn.is_visible():
            page.once("dialog", lambda dialog: dialog.accept())
            cancel_btn.click()
        else:
            response = page.request.post(f"/api/orders/{order_id}/cancel")
>           assert response.ok, f"取消 API 失敗：{response.status} {response.text()}"
E           AssertionError: 取消 API 失敗：404 <!DOCTYPE html>
E           <html lang="en">
E           <head>
E           <meta charset="utf-8">
E           <title>Error</title>
E           </head>
E           <body>
E           <pre>Cannot POST /api/orders/MM-20260724-0024/cancel</pre>
E           </body>
E           </html>

tests/helpers/orders.py:78: AssertionError
___________________________ test_待出貨訂單可取消[chromium] ____________________________

page = <Page url='https://cand2.tail296b14.ts.net/orders/MM-20260724-0031'>

    def test_待出貨訂單可取消(page: Page) -> None:
        """R-6.5：10 分鐘內可取消，狀態轉為已取消。"""
        login(page)
        clear_cart(page)
        add_product_from_list(page, "純棉素色 T 恤")
        go_to_checkout(page)
        order_id = fill_and_submit_checkout(page, name="取消測試")
    
        open_order(page, order_id)
>       assert_cancel_order_available(page)

tests/test_order_status.py:32: 
_ _ _ _ _ _ _ _ _ _ _ _ _ _ _ _ _ _ _ _ _ _ _ _ _ _ _ _ _ _ _ _ _ _ _ _ _ _ _ _ 

page = <Page url='https://cand2.tail296b14.ts.net/orders/MM-20260724-0031'>

    def assert_cancel_order_available(page: Page) -> None:
        """R-6.5／R-14.9：待出貨訂單詳情應顯示「取消訂單」按鈕（缺失視為缺陷 D-23）。"""
>       expect(page.get_by_role("button", name="取消訂單")).to_be_visible()
E       AssertionError: Locator expected to be visible
E       Actual value: None
E       Error: element(s) not found 
E       Call log:
E         - Expect "to_be_visible" with timeout 5000ms
E         - waiting for get_by_role("button", name="取消訂單")
E       
E       Aria snapshot:
E       - banner:
E         - link "MiniMart":
E           - /url: /
E         - navigation:
E           - link "商品":
E             - /url: /
E           - link "購物車":
E             - /url: /cart
E           - link "我的訂單":
E             - /url: /orders
E           - link "我的優惠卷":
E             - /url: /coupons
E           - link "通知中心 10":
E             - /url: /notifications
E           - text: demo@minimart.test
E           - button "登出"
E       - main:
E         - heading "訂單詳情" [level=1]
E         - heading "訂單資訊" [level=2]
E         - text: 訂單編號 MM-20260724-0031 下單時間 2026-07-24 14:37 訂單狀態 待出貨 預計出貨日 2026-07-26
E         - heading "商品明細" [level=2]
E         - text: 純棉素色 T 恤 NT$400 x1 NT$400
E         - heading "金額摘要" [level=2]
E         - text: 商品小計 NT$400 滿額折扣 NT$0 優惠券折抵 NT$0 運費 NT$80 應付金額 NT$480
E         - heading "收件資訊" [level=2]
E         - text: 收件人姓名 取消測試 手機號碼 0912345678 收件地址 台北市中山區測試路 1 號
E         - heading "訂單備註" [level=2]
E         - paragraph: （無備註）
E         - heading "狀態與操作" [level=2]
E         - button "模擬出貨（Demo）"

tests/helpers/orders.py:53: AssertionError
_________________________ test_取消訂單時跳出正確確認文案[chromium] _________________________

page = <Page url='https://cand2.tail296b14.ts.net/orders/MM-20260724-0034'>

    def test_取消訂單時跳出正確確認文案(page: Page) -> None:
        """R-6.5：取消訂單確認框文案固定為「確定要取消這筆訂單嗎？」。"""
        login(page)
        clear_cart(page)
        add_product_from_list(page, "純棉素色 T 恤")
        go_to_checkout(page)
        order_id = fill_and_submit_checkout(page, name="取消確認文案測試")
        open_order(page, order_id)
>       assert_cancel_order_available(page)

tests/test_order_status.py:71: 
_ _ _ _ _ _ _ _ _ _ _ _ _ _ _ _ _ _ _ _ _ _ _ _ _ _ _ _ _ _ _ _ _ _ _ _ _ _ _ _ 

page = <Page url='https://cand2.tail296b14.ts.net/orders/MM-20260724-0034'>

    def assert_cancel_order_available(page: Page) -> None:
        """R-6.5／R-14.9：待出貨訂單詳情應顯示「取消訂單」按鈕（缺失視為缺陷 D-23）。"""
>       expect(page.get_by_role("button", name="取消訂單")).to_be_visible()
E       AssertionError: Locator expected to be visible
E       Actual value: None
E       Error: element(s) not found 
E       Call log:
E         - Expect "to_be_visible" with timeout 5000ms
E         - waiting for get_by_role("button", name="取消訂單")
E       
E       Aria snapshot:
E       - banner:
E         - link "MiniMart":
E           - /url: /
E         - navigation:
E           - link "商品":
E             - /url: /
E           - link "購物車":
E             - /url: /cart
E           - link "我的訂單":
E             - /url: /orders
E           - link "我的優惠卷":
E             - /url: /coupons
E           - link "通知中心 15":
E             - /url: /notifications
E           - text: demo@minimart.test
E           - button "登出"
E       - main:
E         - heading "訂單詳情" [level=1]
E         - heading "訂單資訊" [level=2]
E         - text: 訂單編號 MM-20260724-0034 下單時間 2026-07-24 14:37 訂單狀態 待出貨 預計出貨日 2026-07-26
E         - heading "商品明細" [level=2]
E         - text: 純棉素色 T 恤 NT$400 x1 NT$400
E         - heading "金額摘要" [level=2]
E         - text: 商品小計 NT$400 滿額折扣 NT$0 優惠券折抵 NT$0 運費 NT$80 應付金額 NT$480
E         - heading "收件資訊" [level=2]
E         - text: 收件人姓名 取消確認文案測試 手機號碼 0912345678 收件地址 台北市中山區測試路 1 號
E         - heading "訂單備註" [level=2]
E         - paragraph: （無備註）
E         - heading "狀態與操作" [level=2]
E         - button "模擬出貨（Demo）"

tests/helpers/orders.py:53: AssertionError
________________________ test_訂單列表依下單時間由新到舊排序[chromium] ________________________

page = <Page url='https://cand2.tail296b14.ts.net/orders'>

    def test_訂單列表依下單時間由新到舊排序(page: Page) -> None:
        """R-14.1：全部訂單依下單時間由新到舊排列。"""
        login(page)
        go_to_order_list(page)
        rows = order_list_rows(page)
        assert rows, "此帳號應至少有一筆訂單以驗證排序"
>       assert_orders_sorted_new_to_old([row["createdAt"] for row in rows])

tests/test_orders_list.py:61: 
_ _ _ _ _ _ _ _ _ _ _ _ _ _ _ _ _ _ _ _ _ _ _ _ _ _ _ _ _ _ _ _ _ _ _ _ _ _ _ _ 

created_at_texts = ['2026-07-16 10:15', '2026-07-17 09:40', '2026-07-18 20:05', '2026-07-24 14:25', '2026-07-24 14:25', '2026-07-24 14:25', ...]

    def assert_orders_sorted_new_to_old(created_at_texts: list[str]) -> None:
        """R-14.1：下單時間應由新到舊（非遞增）。"""
        times = [parse_order_created_at(t) for t in created_at_texts]
        for i in range(len(times) - 1):
>           assert times[i] >= times[i + 1], (
                   ^^^^^^^^^^^^^^^^^^^^^^^^
                f"R-14.1：第 {i + 1} 列 {created_at_texts[i]} 應不早於第 {i + 2} 列 {created_at_texts[i + 1]}"
            )
E           AssertionError: R-14.1：第 1 列 2026-07-16 10:15 應不早於第 2 列 2026-07-17 09:40

tests/helpers/orders.py:46: AssertionError
______________________ test_連續下單後較新訂單應排在較舊訂單上方[chromium] _______________________

page = <Page url='https://cand2.tail296b14.ts.net/orders'>

    def test_連續下單後較新訂單應排在較舊訂單上方(page: Page) -> None:
        """R-14.1：新建立的訂單應出現在較早訂單上方。"""
        login(page)
        older_id = _place_order(page, product="手沖咖啡濾杯", name="列表排序較舊")
        newer_id = _place_order(page, product="純棉素色 T 恤", name="列表排序較新")
    
        go_to_order_list(page)
        ids = [row["id"] for row in order_list_rows(page)]
        assert older_id in ids and newer_id in ids
>       assert ids.index(newer_id) < ids.index(older_id), (
            f"較新訂單 {newer_id} 應排在較舊訂單 {older_id} 上方（R-14.1）"
        )
E       AssertionError: 較新訂單 MM-20260724-0039 應排在較舊訂單 MM-20260724-0038 上方（R-14.1）
E       assert 41 < 40
E        +  where 41 = <built-in method index of list object at 0x121c49c40>('MM-20260724-0039')
E        +    where <built-in method index of list object at 0x121c49c40> = ['MM-20260716-0001', 'MM-20260717-0001', 'MM-20260718-0001', 'MM-20260724-0001', 'MM-20260724-0002', 'MM-20260724-0003', ...].index
E        +  and   40 = <built-in method index of list object at 0x121c49c40>('MM-20260724-0038')
E        +    where <built-in method index of list object at 0x121c49c40> = ['MM-20260716-0001', 'MM-20260717-0001', 'MM-20260718-0001', 'MM-20260724-0001', 'MM-20260724-0002', 'MM-20260724-0003', ...].index

tests/test_orders_list.py:73: AssertionError
________________________ test_三種優惠券型別與免運券折抵為零[chromium] ________________________

page = <Page url='https://cand2.tail296b14.ts.net/checkout'>

    def test_三種優惠券型別與免運券折抵為零(page: Page) -> None:
        """R-4.4／R-4.5／R-4.9：結帳可見金額／折扣／免運型；免運時折抵 0、運費 0。"""
        login(page)
        clear_cart(page)
        add_product_from_list(page, "純棉素色 T 恤")
        go_to_checkout(page)
        main = page.locator("main").inner_text()
        assert "滿千折百券" in main or "新人小禮券" in main  # 金額券
        assert "全站 85 折券" in main or "15%" in main  # 折扣券
        assert "免運券" in main
>       select_coupon(page, "免運券")

tests/test_prd_strengthen.py:116: 
_ _ _ _ _ _ _ _ _ _ _ _ _ _ _ _ _ _ _ _ _ _ _ _ _ _ _ _ _ _ _ _ _ _ _ _ _ _ _ _ 

page = <Page url='https://cand2.tail296b14.ts.net/checkout'>, name = '免運券'

    def select_coupon(page: Page, name: str) -> None:
        """點選結帳頁優惠券選項（依券名稱）。"""
        option = page.locator("label.coupon-option", has_text=name).first
>       expect(option).to_be_visible(timeout=10_000)
E       AssertionError: Locator expected to be visible
E       Actual value: None
E       Error: element(s) not found 
E       Call log:
E         - Expect "to_be_visible" with timeout 10000ms
E         - waiting for locator("label.coupon-option").filter(has_text="免運券").first
E       
E       Aria snapshot:
E       - banner:
E         - link "MiniMart":
E           - /url: /
E         - navigation:
E           - link "商品":
E             - /url: /
E           - link "購物車 1":
E             - /url: /cart
E           - link "我的訂單":
E             - /url: /orders
E           - link "我的優惠卷":
E             - /url: /coupons
E           - link "通知中心 21":
E             - /url: /notifications
E           - text: demo@minimart.test
E           - button "登出"
E       - main:
E         - heading "結帳" [level=1]
E         - heading "收件資訊" [level=2]
E         - text: 收件人姓名
E         - textbox "收件人姓名"
E         - text: 手機號碼
E         - textbox "手機號碼"
E         - text: 收件地址
E         - textbox "收件地址"
E         - heading "訂單備註" [level=2]
E         - text: 訂單備註（選填）
E         - textbox "訂單備註（選填）"
E         - paragraph: 0/100
E         - heading "優惠券" [level=2]
E         - radio "不使用優惠券" [checked]
E         - text: 不使用優惠券 新人小禮券 （NT$20，門檻 NT$0，效期 2027-01-19） 已使用 滿千折百券 （NT$100，門檻 NT$1,000，效期 2027-01-19） 未達使用門檻 NT$1,000 滿三千折三百券 （NT$300，門檻 NT$3,000，效期 2027-01-19） 未達使用門檻 NT$3,000 全站 85 折券 （15%，門檻 NT$800，效期 2027-01-19） 未達使用門檻 NT$800 免運券 （免運，門檻 NT$0，效期 2027-01-19） 已使用 舊版折五十券 （NT$50，門檻 NT$0，效期 2026-06-23） 已過期
E         - heading "付款方式" [level=2]
E         - paragraph: 貨到付款
E         - text: 商品小計 NT$400 滿額折扣 NT$0 優惠券折抵 NT$0 運費 NT$80 應付金額 NT$480
E         - button "送出訂單" [disabled]

tests/helpers/checkout.py:76: AssertionError
_______________________ test_退貨時間軸含狀態與退款金額不含運費[chromium] _______________________

page = <Page url='https://cand2.tail296b14.ts.net/notifications'>

    def test_退貨時間軸含狀態與退款金額不含運費(page: Page) -> None:
        """R-7.6／R-7.8／R-7.9／R-7.10／R-16.7：審核鈕、時間軸、退款金額與退款時間。"""
        login(page)
        clear_cart(page)
        add_product_from_list(page, "純棉素色 T 恤")
        go_to_checkout(page)
        order_id = fill_and_submit_checkout(page, name="時間軸退款測試")
        open_order(page, order_id)
        ship_order(page, order_id)
        confirm_receipt(page, order_id)
        apply_return(page, "商品有瑕疵想退貨")
        expect(page.get_by_role("button", name="賣家審核（Demo）")).to_be_visible()
        seller_review(page)
        expect(page.locator("main")).to_contain_text("已退款", timeout=30_000)
        main = page.locator("main").inner_text()
        section = main.split("狀態與操作", 1)[-1] if "狀態與操作" in main else main
        # 時間軸列：狀態名稱後接 YYYY-MM-DD HH:mm（有別於訂單狀態列的「已退款」）
        timeline_pairs = re.findall(
            r"(待審核|已駁回|退款處理中|已退款)\s*\n\s*(\d{4}-\d{2}-\d{2} \d{2}:\d{2})",
            section,
        )
        timeline_statuses = {name for name, _ in timeline_pairs}
    
        problems: list[str] = []
        if "待審核" not in timeline_statuses:
            problems.append("時間軸缺少「待審核」紀錄")
        if "退款處理中" not in timeline_statuses:
            problems.append("時間軸缺少「退款處理中」紀錄（R-7.8／D-20）")
        if "已退款" not in timeline_statuses:
            problems.append("時間軸缺少「已退款」紀錄（R-7.8／D-20）")
    
        m_amt = re.search(r"退款金額\s*(NT\$[\d,]+)", section)
        if not m_amt:
            problems.append("已退款訂單未顯示退款金額（R-7.9／R-7.10）")
        elif _nt_amount(m_amt.group(1)) != 400:
            problems.append(
                f"退款金額應為應付−運費＝NT$400（R-7.10／D-19），實際 {m_amt.group(1)}"
            )
    
        # R-7.9：退款時間 YYYY-MM-DD HH:mm
        m_time = re.search(r"退款時間\s*(\d{4}-\d{2}-\d{2} \d{2}:\d{2})?", section)
        if not m_time or not m_time.group(1):
            problems.append("訂單詳情缺少有效「退款時間 YYYY-MM-DD HH:mm」（R-7.9／D-21）")
    
        # R-8.6：退款通知須含金額與退款時間（先蒐集，與詳情問題一併回報）
        page.goto("/notifications", wait_until="domcontentloaded")
        page.wait_for_function(
            "() => !document.querySelector('main')?.innerText.includes('載入中')",
            timeout=20_000,
        )
        row = page.get_by_test_id("notification-row").filter(has_text=f"訂單 {order_id} 已退款")
        expect(row).to_be_visible(timeout=15_000)
        row_text = row.inner_text()
        if not re.search(r"退款金額\s*NT\$[\d,]+", row_text):
            problems.append("退款通知缺少退款金額（R-8.6）")
        else:
            amt = _nt_amount(re.search(r"退款金額\s*(NT\$[\d,]+)", row_text).group(1))
            if amt != 400:
                problems.append(f"退款通知金額應為 NT$400（D-19），實際 NT${amt}")
        # 通知內文須能辨識退款時間（標籤或合規時間格式皆可，但不能完全缺時間）
        has_labeled_time = bool(
            re.search(r"退款時間\s*\d{4}-\d{2}-\d{2} \d{2}:\d{2}", row_text)
        )
        has_any_time = bool(re.search(r"\d{4}-\d{2}-\d{2} \d{2}:\d{2}", row_text))
        if not has_labeled_time and not has_any_time:
            problems.append("退款通知缺少退款時間（R-8.6／D-21）")
    
>       assert not problems, "；".join(problems)
E       AssertionError: 時間軸缺少「退款處理中」紀錄（R-7.8／D-20）；時間軸缺少「已退款」紀錄（R-7.8／D-20）；退款金額應為應付−運費＝NT$400（R-7.10／D-19），實際 NT$320；訂單詳情缺少有效「退款時間 YYYY-MM-DD HH:mm」（R-7.9／D-21）；退款通知金額應為 NT$400（D-19），實際 NT$480
E       assert not ['時間軸缺少「退款處理中」紀錄（R-7.8／D-20）', '時間軸缺少「已退款」紀錄（R-7.8／D-20）', '退款金額應為應付−運費＝NT$400（R-7.10／D-19），實際 NT$320', '訂單詳情缺少有效「退款時間 YYYY-MM-DD HH:mm」（R-7.9／D-21）', '退款通知金額應為 NT$400（D-19），實際 NT$480']

tests/test_prd_strengthen.py:300: AssertionError
__________________________ test_退貨時間軸由舊到新順序[chromium] __________________________

page = <Page url='https://cand2.tail296b14.ts.net/orders/MM-20260724-0046'>

    def test_退貨時間軸由舊到新順序(page: Page) -> None:
        """R-16.7：退貨進度時間軸由上而下由舊到新（時間戳遞增）。"""
        login(page)
        clear_cart(page)
        add_product_from_list(page, "純棉素色 T 恤")
        go_to_checkout(page)
        order_id = fill_and_submit_checkout(page, name="退貨時間軸順序測試")
    
        open_order(page, order_id)
        ship_order(page, order_id)
        confirm_receipt(page, order_id)
        apply_return(page, "商品有瑕疵想退貨")
        seller_review(page)
    
        expect(page.locator("main")).to_contain_text("已退款", timeout=30_000)
        main = page.locator("main").inner_text()
        section = main.split("狀態與操作", 1)[-1] if "狀態與操作" in main else main
    
        timeline_pairs = re.findall(
            r"(待審核|已駁回|退款處理中|已退款)\s*\n\s*(\d{4}-\d{2}-\d{2} \d{2}:\d{2})",
            section,
        )
        assert timeline_pairs, "時間軸未出現任何（狀態名稱 + 退款處理時間）對照（R-16.7）"
    
        times = [
            datetime.strptime(t, "%Y-%m-%d %H:%M") for _, t in timeline_pairs
        ]
        for i in range(len(times) - 1):
            assert times[i] <= times[i + 1], (
                f"時間軸應由舊到新遞增（R-16.7），第 {i+1} 筆 {times[i]} > 第 {i+2} 筆 {times[i+1]}"
            )
    
        timeline_statuses = [name for name, _ in timeline_pairs]
        required = ["待審核", "退款處理中", "已退款"]
        missing = [s for s in required if s not in timeline_statuses]
>       assert not missing, f"時間軸缺少必備狀態（R-16.7）：{', '.join(missing)}"
E       AssertionError: 時間軸缺少必備狀態（R-16.7）：退款處理中, 已退款
E       assert not ['退款處理中', '已退款']

tests/test_prd_strengthen.py:338: AssertionError
__________________________ test_滿額折扣列顯示減號格式[chromium] __________________________

page = <Page url='https://cand2.tail296b14.ts.net/checkout'>

    def test_滿額折扣列顯示減號格式(page: Page) -> None:
        """R-2.8：折扣金額行須以 −NT$ 格式顯示（含 Unicode 減號）。"""
        login(page)
        clear_cart(page)
        add_product_with_quantity(page, "機械式鍵盤", 1)
        go_to_checkout(page)
        preview = expect_summary_matches_preview(page)
        assert preview["bulkDiscount"] > 0
    
        bulk_text = summary_row_value(page, "滿額折扣").inner_text()
>       assert bulk_text.startswith("−NT$") or bulk_text.startswith("-NT$"), (
            f"滿額折扣應以減號開頭（R-2.8），實際 {bulk_text!r}"
        )
E       AssertionError: 滿額折扣應以減號開頭（R-2.8），實際 'NT$0'
E       assert (False or False)
E        +  where False = <built-in method startswith of str object at 0x121de0030>('−NT$')
E        +    where <built-in method startswith of str object at 0x121de0030> = 'NT$0'.startswith
E        +  and   False = <built-in method startswith of str object at 0x121de0030>('-NT$')
E        +    where <built-in method startswith of str object at 0x121de0030> = 'NT$0'.startswith

tests/test_pricing_summary.py:83: AssertionError
________________________ test_香氛蠟燭禮盒商品圖片正常載入[chromium] _________________________

page = <Page url='https://cand2.tail296b14.ts.net/'>

    def test_香氛蠟燭禮盒商品圖片正常載入(page: Page) -> None:
        """R-9.2 / D-02：香氛蠟燭禮盒卡片圖片應可正常載入（naturalWidth > 0）。"""
        login(page)
        product = product_by_name_via_api(page, "香氛蠟燭禮盒")
        image_url = product.get("imageUrl", "")
        assert image_url, "API 應提供 imageUrl"
    
        img_resp = page.request.get(image_url)
        content_type = (img_resp.headers.get("content-type") or "").lower()
        body_prefix = img_resp.text()[:80].lstrip()
        assert img_resp.ok, f"imageUrl 應可存取：{image_url} → {img_resp.status}"
>       assert "image/svg" in content_type or body_prefix.startswith("<svg"), (
            f"imageUrl 應回傳 SVG 圖片（D-02），"
            f"status={img_resp.status}，content-type={content_type!r}，"
            f"body={body_prefix[:60]!r}"
        )
E       AssertionError: imageUrl 應回傳 SVG 圖片（D-02），status=200，content-type='text/html; charset=utf-8'，body='<!doctype html>\n<html lang="en">\n  <head>\n    <meta charset='
E       assert ('image/svg' in 'text/html; charset=utf-8' or False)
E        +  where False = <built-in method startswith of str object at 0x121d97750>('<svg')
E        +    where <built-in method startswith of str object at 0x121d97750> = '<!doctype html>\n<html lang="en">\n  <head>\n    <meta charset="UTF-8" />\n    <link'.startswith

tests/test_product_ui.py:30: AssertionError
_____________________ test_R18_8_結帳欄位錯誤訊息對照表五情境[chromium] ______________________

page = <Page url='https://cand2.tail296b14.ts.net/'>

    def test_R18_8_結帳欄位錯誤訊息對照表五情境(page: Page) -> None:
        """R-18.8：涵蓋收件人姓名空、超過 20、手機格式錯誤、地址空、地址超界。"""
        _prepare_checkout(page)
    
        # 1) 收件人姓名空
        page.fill("#checkout-name", "")
        page.fill("#checkout-phone", "0912345678")
        page.fill("#checkout-address", "台北市驗證路 5 號")
        page.locator("#checkout-name").blur()
        expect(page.get_by_role("button", name="送出訂單")).to_be_disabled()
        expect(page.locator("main")).to_contain_text("請輸入收件人姓名")
    
        # 2) 收件人姓名超過 20
>       _prepare_checkout(page)

tests/test_r18_error_messages.py:36: 
_ _ _ _ _ _ _ _ _ _ _ _ _ _ _ _ _ _ _ _ _ _ _ _ _ _ _ _ _ _ _ _ _ _ _ _ _ _ _ _ 
tests/test_r18_error_messages.py:17: in _prepare_checkout
    login(page)
tests/helpers/auth.py:16: in login
    page.fill("#login-email", email)
.venv/lib/python3.11/site-packages/playwright/sync_api/_generated.py:11156: in fill
    self._sync(
.venv/lib/python3.11/site-packages/playwright/_impl/_page.py:925: in fill
    return await self._main_frame.fill(**locals_to_params(locals()))
           ^^^^^^^^^^^^^^^^^^^^^^^^^^^^^^^^^^^^^^^^^^^^^^^^^^^^^^^^^
.venv/lib/python3.11/site-packages/playwright/_impl/_frame.py:632: in fill
    await self._fill(**locals_to_params(locals()))
.venv/lib/python3.11/site-packages/playwright/_impl/_frame.py:644: in _fill
    await self._channel.send("fill", self._timeout, locals_to_params(locals()))
.venv/lib/python3.11/site-packages/playwright/_impl/_connection.py:69: in send
    return await self._connection.wrap_api_call(
_ _ _ _ _ _ _ _ _ _ _ _ _ _ _ _ _ _ _ _ _ _ _ _ _ _ _ _ _ _ _ _ _ _ _ _ _ _ _ _ 

self = <playwright._impl._connection.Connection object at 0x1214234d0>
cb = <function Channel.send.<locals>.<lambda> at 0x1219ff6a0>
is_internal = False, title = None

    async def wrap_api_call(
        self, cb: Callable[[], Any], is_internal: bool = False, title: str = None
    ) -> Any:
        if self._api_zone.get():
            return await cb()
        task = asyncio.current_task(self._loop)
        st: List[inspect.FrameInfo] = getattr(
            task, "__pw_stack__", None
        ) or inspect.stack(0)
    
        parsed_st = _extract_stack_trace_information_from_stack(st, is_internal, title)
        self._api_zone.set(parsed_st)
        try:
            return await cb()
        except Exception as error:
>           raise rewrite_error(error, f"{parsed_st['apiName']}: {error}") from None
E           playwright._impl._errors.TimeoutError: Page.fill: Timeout 30000ms exceeded.
E           Call log:
E             - waiting for locator("#login-email")

.venv/lib/python3.11/site-packages/playwright/_impl/_connection.py:563: TimeoutError
_____________________ test_R18_8_退貨原因錯誤訊息對照表兩情境[chromium] ______________________

page = <Page url='https://cand2.tail296b14.ts.net/orders/MM-20260724-0050/return'>

    def test_R18_8_退貨原因錯誤訊息對照表兩情境(page: Page) -> None:
        """R-18.8：涵蓋退貨原因空、超過 200 字。"""
        login(page)
        clear_cart(page)
        add_product_from_list(page, "純棉素色 T 恤")
        go_to_checkout(page)
        order_id = fill_and_submit_checkout(
            page,
            name="退貨原因錯誤訊息測試買家",
            phone="0912345678",
            address="台北市退貨原因測試路 10 號",
        )
    
        open_order(page, order_id)
        ship_order(page, order_id)
        confirm_receipt(page, order_id)
    
        # 進入退貨申請頁（先不送出，只做欄位驗證）
        page.get_by_role("button", name="申請退貨").click()
        page.wait_for_url(re.compile(r".*/return"), timeout=15_000)
    
        page.locator("textarea").first.fill("")
        page.locator("textarea").first.blur()
        expect(page.get_by_role("button", name="送出申請")).to_be_disabled()
>       expect(page.locator("main")).to_contain_text("請填寫退貨原因")
E       AssertionError: Locator expected to contain text '請填寫退貨原因'
E       Actual value: 申請退貨訂單資訊訂單編號MM-20260724-0050商品明細純棉素色 T 恤NT$400x1NT$400預計退款金額NT$400（不含運費 NT$80）退貨原因0/200送出申請取消 
E       Call log:
E         - Expect "to_contain_text" with timeout 5000ms
E         - waiting for locator("main")
E           14 × locator resolved to <main>…</main>
E              - unexpected value "申請退貨訂單資訊訂單編號MM-20260724-0050商品明細純棉素色 T 恤NT$400x1NT$400預計退款金額NT$400（不含運費 NT$80）退貨原因0/200送出申請取消"
E       
E       Aria snapshot:
E       - main:
E         - heading "申請退貨" [level=1]
E         - heading "訂單資訊" [level=2]
E         - text: 訂單編號 MM-20260724-0050
E         - heading "商品明細" [level=2]
E         - text: 純棉素色 T 恤 NT$400 x1 NT$400
E         - heading "預計退款金額" [level=2]
E         - paragraph: NT$400
E         - paragraph: （不含運費 NT$80）
E         - heading "退貨原因" [level=2]
E         - textbox
E         - paragraph: 0/200
E         - button "送出申請" [disabled]
E         - link "取消":
E           - /url: /orders/MM-20260724-0050

tests/test_r18_error_messages.py:98: AssertionError
_________________________ test_已取消為最終狀態不可再轉換[chromium] _________________________

page = <Page url='https://cand2.tail296b14.ts.net/orders/MM-20260724-0051'>

    def test_已取消為最終狀態不可再轉換(page: Page) -> None:
        """R-6.7：已取消後不提供出貨／收貨／取消，且 API 拒絕再轉換。"""
        login(page)
        order_id = _find_cancelled_order_id(page)
        if order_id is None:
            clear_cart(page)
            add_product_from_list(page, "純棉素色 T 恤")
            go_to_checkout(page)
            order_id = fill_and_submit_checkout(page, name="已取消終態測試")
            open_order(page, order_id)
>           assert_cancel_order_available(page)

tests/test_return_extras.py:49: 
_ _ _ _ _ _ _ _ _ _ _ _ _ _ _ _ _ _ _ _ _ _ _ _ _ _ _ _ _ _ _ _ _ _ _ _ _ _ _ _ 

page = <Page url='https://cand2.tail296b14.ts.net/orders/MM-20260724-0051'>

    def assert_cancel_order_available(page: Page) -> None:
        """R-6.5／R-14.9：待出貨訂單詳情應顯示「取消訂單」按鈕（缺失視為缺陷 D-23）。"""
>       expect(page.get_by_role("button", name="取消訂單")).to_be_visible()
E       AssertionError: Locator expected to be visible
E       Actual value: None
E       Error: element(s) not found 
E       Call log:
E         - Expect "to_be_visible" with timeout 5000ms
E         - waiting for get_by_role("button", name="取消訂單")
E       
E       Aria snapshot:
E       - banner:
E         - link "MiniMart":
E           - /url: /
E         - navigation:
E           - link "商品":
E             - /url: /
E           - link "購物車":
E             - /url: /cart
E           - link "我的訂單":
E             - /url: /orders
E           - link "我的優惠卷":
E             - /url: /coupons
E           - link "通知中心 56":
E             - /url: /notifications
E           - text: demo@minimart.test
E           - button "登出"
E       - main:
E         - heading "訂單詳情" [level=1]
E         - heading "訂單資訊" [level=2]
E         - text: 訂單編號 MM-20260724-0051 下單時間 2026-07-24 14:43 訂單狀態 待出貨 預計出貨日 2026-07-26
E         - heading "商品明細" [level=2]
E         - text: 純棉素色 T 恤 NT$400 x1 NT$400
E         - heading "金額摘要" [level=2]
E         - text: 商品小計 NT$400 滿額折扣 NT$0 優惠券折抵 NT$0 運費 NT$80 應付金額 NT$480
E         - heading "收件資訊" [level=2]
E         - text: 收件人姓名 已取消終態測試 手機號碼 0912345678 收件地址 台北市中山區測試路 1 號
E         - heading "訂單備註" [level=2]
E         - paragraph: （無備註）
E         - heading "狀態與操作" [level=2]
E         - button "模擬出貨（Demo）"

tests/helpers/orders.py:53: AssertionError
__________________________ test_待審核可撤銷退貨申請[chromium] ___________________________

page = <Page url='https://cand2.tail296b14.ts.net/orders/MM-20260724-0055'>

    def test_待審核可撤銷退貨申請(page: Page) -> None:
        """R-7.12：待審核時可撤銷，確認後回到已完成／無退貨。"""
        login(page)
        order_id = _complete_order(page, "撤銷退貨測試")
        open_order(page, order_id)
        ship_order(page, order_id)
        confirm_receipt(page, order_id)
        apply_return(page, "想撤銷的退貨申請")
    
        revoke = page.get_by_role("button", name="撤銷退貨申請")
>       expect(revoke).to_be_visible(timeout=15_000)
E       AssertionError: Locator expected to be visible
E       Actual value: None
E       Error: element(s) not found 
E       Call log:
E         - Expect "to_be_visible" with timeout 15000ms
E         - waiting for get_by_role("button", name="撤銷退貨申請")
E       
E       Aria snapshot:
E       - banner:
E         - link "MiniMart":
E           - /url: /
E         - navigation:
E           - link "商品":
E             - /url: /
E           - link "購物車":
E             - /url: /cart
E           - link "我的訂單":
E             - /url: /orders
E           - link "我的優惠卷":
E             - /url: /coupons
E           - link "通知中心 72":
E             - /url: /notifications
E           - text: demo@minimart.test
E           - button "登出"
E       - main:
E         - heading "訂單詳情" [level=1]
E         - heading "訂單資訊" [level=2]
E         - text: 訂單編號 MM-20260724-0055 下單時間 2026-07-24 14:45 訂單狀態 退貨中 預計出貨日 2026-07-26
E         - heading "商品明細" [level=2]
E         - text: 純棉素色 T 恤 NT$400 x1 NT$400
E         - heading "金額摘要" [level=2]
E         - text: 商品小計 NT$400 滿額折扣 NT$0 優惠券折抵 NT$0 運費 NT$80 應付金額 NT$480
E         - heading "收件資訊" [level=2]
E         - text: 收件人姓名 撤銷退貨測試 手機號碼 0912345678 收件地址 台北市中山區測試路 1 號
E         - heading "訂單備註" [level=2]
E         - paragraph: （無備註）
E         - heading "狀態與操作" [level=2]
E         - list:
E           - listitem: 待審核 2026-07-24 14:45
E         - button "賣家審核（Demo）"

tests/test_return_extras.py:120: AssertionError
_________________________ test_退貨原因字數限制與即時計數[chromium] _________________________

page = <Page url='https://cand2.tail296b14.ts.net/login'>

    def test_退貨原因字數限制與即時計數(page: Page) -> None:
        """R-16.4：1～200 字；不符時送出停用；顯示 {n}/200。"""
>       login(page)

tests/test_return_extras.py:130: 
_ _ _ _ _ _ _ _ _ _ _ _ _ _ _ _ _ _ _ _ _ _ _ _ _ _ _ _ _ _ _ _ _ _ _ _ _ _ _ _ 
tests/helpers/auth.py:15: in login
    page.goto("/login", wait_until="domcontentloaded")
.venv/lib/python3.11/site-packages/playwright/sync_api/_generated.py:9770: in goto
    self._sync(
.venv/lib/python3.11/site-packages/playwright/_impl/_page.py:560: in goto
    return await self._main_frame.goto(**locals_to_params(locals()))
           ^^^^^^^^^^^^^^^^^^^^^^^^^^^^^^^^^^^^^^^^^^^^^^^^^^^^^^^^^
.venv/lib/python3.11/site-packages/playwright/_impl/_frame.py:156: in goto
    await self._channel.send(
.venv/lib/python3.11/site-packages/playwright/_impl/_connection.py:69: in send
    return await self._connection.wrap_api_call(
_ _ _ _ _ _ _ _ _ _ _ _ _ _ _ _ _ _ _ _ _ _ _ _ _ _ _ _ _ _ _ _ _ _ _ _ _ _ _ _ 

self = <playwright._impl._connection.Connection object at 0x1214234d0>
cb = <function Channel.send.<locals>.<lambda> at 0x121b92fc0>
is_internal = False, title = None

    async def wrap_api_call(
        self, cb: Callable[[], Any], is_internal: bool = False, title: str = None
    ) -> Any:
        if self._api_zone.get():
            return await cb()
        task = asyncio.current_task(self._loop)
        st: List[inspect.FrameInfo] = getattr(
            task, "__pw_stack__", None
        ) or inspect.stack(0)
    
        parsed_st = _extract_stack_trace_information_from_stack(st, is_internal, title)
        self._api_zone.set(parsed_st)
        try:
            return await cb()
        except Exception as error:
>           raise rewrite_error(error, f"{parsed_st['apiName']}: {error}") from None
E           playwright._impl._errors.TimeoutError: Page.goto: Timeout 30000ms exceeded.
E           Call log:
E             - navigating to "https://cand2.tail296b14.ts.net/login", waiting until "domcontentloaded"

.venv/lib/python3.11/site-packages/playwright/_impl/_connection.py:563: TimeoutError
_________________________ test_退貨申請頁取消不建立申請[chromium] __________________________

page = <Page url='https://cand2.tail296b14.ts.net/login'>

    def test_退貨申請頁取消不建立申請(page: Page) -> None:
        """R-16.6：點取消回到詳情且仍為已完成。"""
>       login(page)

tests/test_return_extras.py:151: 
_ _ _ _ _ _ _ _ _ _ _ _ _ _ _ _ _ _ _ _ _ _ _ _ _ _ _ _ _ _ _ _ _ _ _ _ _ _ _ _ 
tests/helpers/auth.py:15: in login
    page.goto("/login", wait_until="domcontentloaded")
.venv/lib/python3.11/site-packages/playwright/sync_api/_generated.py:9770: in goto
    self._sync(
.venv/lib/python3.11/site-packages/playwright/_impl/_page.py:560: in goto
    return await self._main_frame.goto(**locals_to_params(locals()))
           ^^^^^^^^^^^^^^^^^^^^^^^^^^^^^^^^^^^^^^^^^^^^^^^^^^^^^^^^^
.venv/lib/python3.11/site-packages/playwright/_impl/_frame.py:156: in goto
    await self._channel.send(
.venv/lib/python3.11/site-packages/playwright/_impl/_connection.py:69: in send
    return await self._connection.wrap_api_call(
_ _ _ _ _ _ _ _ _ _ _ _ _ _ _ _ _ _ _ _ _ _ _ _ _ _ _ _ _ _ _ _ _ _ _ _ _ _ _ _ 

self = <playwright._impl._connection.Connection object at 0x1214234d0>
cb = <function Channel.send.<locals>.<lambda> at 0x121cb4860>
is_internal = False, title = None

    async def wrap_api_call(
        self, cb: Callable[[], Any], is_internal: bool = False, title: str = None
    ) -> Any:
        if self._api_zone.get():
            return await cb()
        task = asyncio.current_task(self._loop)
        st: List[inspect.FrameInfo] = getattr(
            task, "__pw_stack__", None
        ) or inspect.stack(0)
    
        parsed_st = _extract_stack_trace_information_from_stack(st, is_internal, title)
        self._api_zone.set(parsed_st)
        try:
            return await cb()
        except Exception as error:
>           raise rewrite_error(error, f"{parsed_st['apiName']}: {error}") from None
E           playwright._impl._errors.TimeoutError: Page.goto: Timeout 30000ms exceeded.
E           Call log:
E             - navigating to "https://cand2.tail296b14.ts.net/login", waiting until "domcontentloaded"

.venv/lib/python3.11/site-packages/playwright/_impl/_connection.py:563: TimeoutError
________________________ test_下單後商品列表庫存應立即減少[chromium] _________________________

page = <Page url='https://cand2.tail296b14.ts.net/'>

    def test_下單後商品列表庫存應立即減少(page: Page) -> None:
        """R-3.5／R-12.9：訂單成立後庫存減去購買數量（UI 重新載入可見）。"""
        login(page)
        clear_cart(page)
        before_api = product_stock_via_api(page, PRODUCT_ID)
        before_ui = parse_remaining_stock(product_stock_text_on_list(page, PRODUCT_NAME))
        assert before_ui == before_api, f"UI/API 庫存不一致：UI={before_ui} API={before_api}"
    
        add_product_from_list(page, PRODUCT_NAME)
        go_to_checkout(page)
        fill_and_submit_checkout(page, name="庫存扣減測試")
    
        after_api = product_stock_via_api(page, PRODUCT_ID)
        after_ui = parse_remaining_stock(product_stock_text_on_list(page, PRODUCT_NAME))
>       assert after_api == before_api - 1, (
            f"API 庫存未扣減：下單前 {before_api}，下單後 {after_api}"
        )
E       AssertionError: API 庫存未扣減：下單前 20，下單後 20
E       assert 20 == (20 - 1)

tests/test_stock_effects.py:47: AssertionError
__________________________ test_取消訂單後庫存應回補[chromium] ___________________________

page = <Page url='https://cand2.tail296b14.ts.net/orders/MM-20260724-0064/complete'>

    def test_取消訂單後庫存應回補(page: Page) -> None:
        """R-3.7／R-6.5：取消成功後庫存加回購買數量。"""
        login(page)
        clear_cart(page)
        before = product_stock_via_api(page, PRODUCT_ID)
    
        add_product_from_list(page, PRODUCT_NAME)
        go_to_checkout(page)
        order_id = fill_and_submit_checkout(page, name="庫存回補取消")
    
        mid = product_stock_via_api(page, PRODUCT_ID)
>       assert mid == before - 1, (
            f"取消前回補前提失敗（疑似未扣庫存 D-09）：下單前 {before}，下單後 {mid}"
        )
E       AssertionError: 取消前回補前提失敗（疑似未扣庫存 D-09）：下單前 20，下單後 20
E       assert 20 == (20 - 1)

tests/test_stock_effects.py:69: AssertionError
__________________________ test_退款完成後庫存應回補[chromium] ___________________________

page = <Page url='https://cand2.tail296b14.ts.net/orders/MM-20260724-0065/complete'>

    def test_退款完成後庫存應回補(page: Page) -> None:
        """R-3.7／R-7.9：退款完成後庫存加回購買數量。"""
        login(page)
        clear_cart(page)
        before = product_stock_via_api(page, PRODUCT_ID)
    
        add_product_from_list(page, PRODUCT_NAME)
        go_to_checkout(page)
        order_id = fill_and_submit_checkout(page, name="庫存回補退款")
    
        mid = product_stock_via_api(page, PRODUCT_ID)
>       assert mid == before - 1, (
            f"退款前回補前提失敗（疑似未扣庫存 D-09）：下單前 {before}，下單後 {mid}"
        )
E       AssertionError: 退款前回補前提失敗（疑似未扣庫存 D-09）：下單前 20，下單後 20
E       assert 20 == (20 - 1)

tests/test_stock_effects.py:94: AssertionError
_________________________ test_折扣碼重複領取應顯示錯誤[chromium] __________________________

page = <Page url='https://cand2.tail296b14.ts.net/coupons'>

    def test_折扣碼重複領取應顯示錯誤(page: Page) -> None:
        """R-17.3：已在清單中的折扣碼顯示「此折扣碼已領取過」。"""
        login(page)
        page.goto("/coupons", wait_until="domcontentloaded")
        redeem = page.locator(
            "input[placeholder*='折扣'], input[name*='code' i], #coupon-code, #redeem-code"
        )
        if redeem.count() == 0:
>           pytest.fail("缺少折扣碼領取 UI（D-13／R-17.3）")
E           Failed: 缺少折扣碼領取 UI（D-13／R-17.3）

tests/test_validation_extras.py:56: Failed
- generated xml file: /Users/chun/Documents/minimart-qe-tests/artifacts/v2.1-regression/junit.xml -
- Generated html report: file:///Users/chun/Documents/minimart-qe-tests/artifacts/v2.1-regression/report.html -
=========================== short test summary info ============================
SKIPPED [1] tests/api/test_coupon_boundaries.py:58: 濾杯單價 480 不適合門檻邊界測試
SKIPPED [2] tests/test_coupon_lifecycle.py:61: 無可用優惠券
SKIPPED [1] tests/test_coupon_ui.py:27: 無可用優惠券，無法驗證取消套用路徑
SKIPPED [1] tests/test_prd_strengthen.py:412: 三個頁籤皆有券，無法驗證空頁籤文案
SKIPPED [1] tests/test_pricing_summary.py:114: 免運券選項不存在
SKIPPED [1] tests/test_stock_boundaries.py:95: 新人小禮券不可用，無法驗證失敗後券不變
SKIPPED [1] tests/test_validation_extras.py:30: 此帳號已有訂單（含內建／歷史單），無法驗證空態
SKIPPED [1] tests/test_validation_extras.py:44: 此帳號已有通知，無法驗證空態
XFAIL tests/api/test_coupon_boundaries.py::test_PCT15_小計恰等於門檻_800_可折抵 - 已知缺陷 D-08：小計恰等於門檻時 PCT15 未生效
XFAIL tests/api/test_order_transitions.py::test_待出貨可出貨_已出貨不可重複出貨 - 後端允許重複出貨，與 openapi CANNOT_SHIP 不符
XFAIL tests/api/test_validation_and_stock.py::test_手機_11_碼驗證失敗回_400 - 已知缺陷 D-07：後端未驗證 11 碼手機
FAILED tests/api/test_order_transitions.py::test_取消訂單_合法與非法狀態 - As...
FAILED tests/api/test_order_transitions.py::test_已取消為最終狀態不可再轉換
FAILED tests/api/test_orders_list.py::test_訂單列表_API_依下單時間新到舊 - As...
FAILED tests/test_cart_badge.py::test_商品列表加入後徽章即時更新為_1[chromium]
FAILED tests/test_checkout.py::test_結帳頁區塊順序與付款方式[chromium] - Asse...
FAILED tests/test_checkout_extras.py::test_送出訂單時按鈕顯示處理中並防重複下單[chromium]
FAILED tests/test_checkout_validation.py::test_地址過長不可啟用送出[chromium]
FAILED tests/test_coupon_discount.py::test_PCT15_對機械式鍵盤的折抵應為_477[chromium]
FAILED tests/test_coupon_lifecycle.py::test_下單後使用的優惠券變為已使用並記錄完整訂單編號[chromium]
FAILED tests/test_coupon_lifecycle.py::test_已使用頁籤訂單編號應含MM前綴[chromium]
FAILED tests/test_coupon_threshold.py::test_小計恰等於門檻時_PCT15_應可使用[chromium]
FAILED tests/test_coupon_ui.py::test_結帳切換優惠券直接改用後者無確認框[chromium]
FAILED tests/test_coupon_ui.py::test_選用金額券時優惠券折抵列應顯示折抵[chromium]
FAILED tests/test_my_coupons.py::test_門檻為零的券顯示無最低消費[chromium] - ...
FAILED tests/test_my_coupons.py::test_優惠券頁提供折扣碼領取且可領取_WELCOME50[chromium]
FAILED tests/test_my_coupons.py::test_無效折扣碼顯示錯誤訊息[chromium] - play...
FAILED tests/test_nav.py::test_第五個目的地文字為我的優惠券[chromium] - Asser...
FAILED tests/test_nav_extras.py::test_通知徽章未讀數與通知頁一致[chromium] - ...
FAILED tests/test_nav_extras.py::test_未讀超過99則導覽徽章顯示99加[chromium]
FAILED tests/test_notifications.py::test_下單確認通知標題與商品明細對應該筆訂單[chromium]
FAILED tests/test_notifications.py::test_多品項訂單_通知商品明細行數與內容一致[chromium]
FAILED tests/test_order_detail.py::test_已取消狀態顯示取消時間且無任何按鈕[chromium]
FAILED tests/test_order_status.py::test_待出貨訂單可取消[chromium] - Assertio...
FAILED tests/test_order_status.py::test_取消訂單時跳出正確確認文案[chromium]
FAILED tests/test_orders_list.py::test_訂單列表依下單時間由新到舊排序[chromium]
FAILED tests/test_orders_list.py::test_連續下單後較新訂單應排在較舊訂單上方[chromium]
FAILED tests/test_prd_strengthen.py::test_三種優惠券型別與免運券折抵為零[chromium]
FAILED tests/test_prd_strengthen.py::test_退貨時間軸含狀態與退款金額不含運費[chromium]
FAILED tests/test_prd_strengthen.py::test_退貨時間軸由舊到新順序[chromium] - ...
FAILED tests/test_pricing_summary.py::test_滿額折扣列顯示減號格式[chromium]
FAILED tests/test_product_ui.py::test_香氛蠟燭禮盒商品圖片正常載入[chromium]
FAILED tests/test_r18_error_messages.py::test_R18_8_結帳欄位錯誤訊息對照表五情境[chromium]
FAILED tests/test_r18_error_messages.py::test_R18_8_退貨原因錯誤訊息對照表兩情境[chromium]
FAILED tests/test_return_extras.py::test_已取消為最終狀態不可再轉換[chromium]
FAILED tests/test_return_extras.py::test_待審核可撤銷退貨申請[chromium] - Ass...
FAILED tests/test_return_extras.py::test_退貨原因字數限制與即時計數[chromium]
FAILED tests/test_return_extras.py::test_退貨申請頁取消不建立申請[chromium]
FAILED tests/test_stock_effects.py::test_下單後商品列表庫存應立即減少[chromium]
FAILED tests/test_stock_effects.py::test_取消訂單後庫存應回補[chromium] - Ass...
FAILED tests/test_stock_effects.py::test_退款完成後庫存應回補[chromium] - Ass...
FAILED tests/test_validation_extras.py::test_折扣碼重複領取應顯示錯誤[chromium]
====== 41 failed, 125 passed, 9 skipped, 3 xfailed in 1618.85s (0:26:58) =======
